
Intel ACPI Component Architecture
ASL+ Optimizing Compiler/Disassembler version 20200925 (32-bit version)
Copyright (c) 2000 - 2020 Intel Corporation

Compilation of "./Magicbook_by_OC/Resources/bat_hotpatch/rename_memo.dsl" - Tue Dec  8 17:25:12 2020

       1:  DefinitionBlock ("", "SSDT", 2, "ACDT", "BATT", 0x00000000)

00000000:  53 53 44 54 8E 00 00 00     "SSDT...."
00000008:  02 CD 41 43 44 54 00 00     "..ACDT.."
00000010:  42 41 54 54 00 00 00 00     "BATT...."
00000018:  00 00 00 00 49 4E 54 4C     "....INTL"
00000020:  25 09 20 20 ............    "%.  "

       2:  {
       3:      Method (SELE, 0, Serialized)

00000024:  14 06 53 45 4C 45 08 ...    "..SELE."

       4:      {}
       5:      Method (XELE, 0, Serialized)

0000002B:  14 06 58 45 4C 45 08 ...    "..XELE."

       6:      {}
       7:      Method (UPBI, 0, NotSerialized)

00000032:  14 06 55 50 42 49 00 ...    "..UPBI."

       8:      {}
       9:      Method (XPBI, 0, NotSerialized)

00000039:  14 06 58 50 42 49 00 ...    "..XPBI."

      10:      {}
      11:      Method (UPBX, 0, NotSerialized)

00000040:  14 06 55 50 42 58 00 ...    "..UPBX."

      12:      {}
      13:      Method (XPBX, 0, NotSerialized)

00000047:  14 06 58 50 42 58 00 ...    "..XPBX."

      14:      {}
      15:      Method (CHKB, 0, NotSerialized)

0000004E:  14 06 43 48 4B 42 00 ...    "..CHKB."

      16:      {}
      17:      Method (XHKB, 0, NotSerialized)

00000055:  14 06 58 48 4B 42 00 ...    "..XHKB."

      18:      {}
      19:      Method (UPBS, 0, NotSerialized)

0000005C:  14 06 55 50 42 53 00 ...    "..UPBS."

      20:      {}
      21:      Method (XPBS, 0, NotSerialized)

00000063:  14 06 58 50 42 53 00 ...    "..XPBS."

      22:      {}
      23:      Method (GCVA, 1, Serialized)

0000006A:  14 08 47 43 56 41 09 ...    "..GCVA."

      24:      {
      25:          Return (Arg0)

00000071:  A4 68 ..................    ".h"

      26:      }
      27:      Method (XCVA, 1, Serialized)

00000073:  14 08 58 43 56 41 09 ...    "..XCVA."

      28:      {
      29:          Return (Arg0)

0000007A:  A4 68 ..................    ".h"

      30:      }
      31:      Method (GPCI, 1, Serialized)

0000007C:  14 08 47 50 43 49 09 ...    "..GPCI."

      32:      {
      33:          Return (Arg0)

00000083:  A4 68 ..................    ".h"

      34:      }
      35:      Method (XPCI, 1, Serialized)

00000085:  14 08 58 50 43 49 09 ...    "..XPCI."

      36:      {
      37:          Return (Arg0)

0000008C:  A4 68 ..................    ".h"
      38:      }
      39:  }



Summary of errors and warnings


ASL+ Optimizing Compiler/Disassembler version 20200925 [Nov 12 2020]

ASL Input:     ./Magicbook_by_OC/Resources/bat_hotpatch/rename_memo.dsl -     793 bytes     18 keywords     41 source lines
AML Output:    ./Magicbook_by_OC/Resources/bat_hotpatch/rename_memo.aml -     142 bytes      4 opcodes      14 named objects
Listing File:  ./Magicbook_by_OC/Resources/bat_hotpatch/rename_memo.lst -    3055 bytes

Compilation successful. 0 Errors, 0 Warnings, 0 Remarks, 0 Optimizations

